app/build/intermediates/manifest_merge_blame_file/release/processReleaseMainManifest/manifest-merger-blame-release-report.txt
1<?xml version="1.0" encoding="utf-8"?>
2<manifest xmlns:android="http://schemas.android.com/apk/res/android"
3    package="com.design.readerapp"
4    android:versionCode="1"
5    android:versionName="1.0" >
6
7    <uses-sdk
7-->INJECTED
8        android:minSdkVersion="24"
8-->INJECTED
9        android:targetSdkVersion="36" />
9-->INJECTED
10
11    <uses-permission android:name="android.permission.INTERNET" />
11-->[com.google.firebase:firebase-auth:23.0.0] AndroidManifest.xml:25:5-67
11-->[com.google.firebase:firebase-auth:23.0.0] AndroidManifest.xml:25:22-64
12    <uses-permission android:name="android.permission.ACCESS_NETWORK_STATE" />
12-->[com.google.firebase:firebase-auth:23.0.0] AndroidManifest.xml:26:5-79
12-->[com.google.firebase:firebase-auth:23.0.0] AndroidManifest.xml:26:22-76
13    <uses-permission android:name="com.google.android.providers.gsf.permission.READ_GSERVICES" />
13-->[com.google.android.recaptcha:recaptcha:18.4.0] AndroidManifest.xml:9:5-98
13-->[com.google.android.recaptcha:recaptcha:18.4.0] AndroidManifest.xml:9:22-95
14
15    <permission
15-->[androidx.core:core:1.16.0] AndroidManifest.xml:22:5-24:47
16        android:name="com.design.readerapp.DYNAMIC_RECEIVER_NOT_EXPORTED_PERMISSION"
16-->[androidx.core:core:1.16.0] AndroidManifest.xml:23:9-81
17        android:protectionLevel="signature" />
17-->[androidx.core:core:1.16.0] AndroidManifest.xml:24:9-44
18
19    <uses-permission android:name="com.design.readerapp.DYNAMIC_RECEIVER_NOT_EXPORTED_PERMISSION" />
19-->[androidx.core:core:1.16.0] AndroidManifest.xml:26:5-97
19-->[androidx.core:core:1.16.0] AndroidManifest.xml:26:22-94
20
21    <application
21-->src\main\AndroidManifest.xml:5:5-35:19
22        android:allowBackup="true"
22-->src\main\AndroidManifest.xml:7:9-35
23        android:appComponentFactory="androidx.core.app.CoreComponentFactory"
23-->[androidx.core:core:1.16.0] AndroidManifest.xml:28:18-86
24        android:dataExtractionRules="@xml/data_extraction_rules"
24-->src\main\AndroidManifest.xml:8:9-65
25        android:extractNativeLibs="false"
25-->src\main\AndroidManifest.xml:6:9-42
26        android:fullBackupContent="@xml/backup_rules"
26-->src\main\AndroidManifest.xml:9:9-54
27        android:icon="@mipmap/ic_launcher"
27-->src\main\AndroidManifest.xml:10:9-43
28        android:label="@string/app_name"
28-->src\main\AndroidManifest.xml:11:9-41
29        android:roundIcon="@mipmap/ic_launcher_round"
29-->src\main\AndroidManifest.xml:12:9-54
30        android:supportsRtl="true"
30-->src\main\AndroidManifest.xml:13:9-35
31        android:theme="@style/Theme.ReaderApp" >
31-->src\main\AndroidManifest.xml:14:9-47
32        <activity
32-->src\main\AndroidManifest.xml:15:9-34:20
33            android:name="com.design.readerapp.MainActivity"
33-->src\main\AndroidManifest.xml:16:13-41
34            android:exported="true" >
34-->src\main\AndroidManifest.xml:17:13-36
35            <intent-filter>
35-->src\main\AndroidManifest.xml:19:13-22:29
36                <action android:name="android.intent.action.MAIN" />
36-->src\main\AndroidManifest.xml:20:17-69
36-->src\main\AndroidManifest.xml:20:25-66
37
38                <category android:name="android.intent.category.LAUNCHER" />
38-->src\main\AndroidManifest.xml:21:17-77
38-->src\main\AndroidManifest.xml:21:27-74
39            </intent-filter>
40
41            <!-- ESTE ES EL NUEVO -->
42            <intent-filter>
42-->src\main\AndroidManifest.xml:25:13-32:29
43                <action android:name="android.intent.action.VIEW" />
43-->src\main\AndroidManifest.xml:26:17-69
43-->src\main\AndroidManifest.xml:26:25-66
44
45                <category android:name="android.intent.category.DEFAULT" />
45-->src\main\AndroidManifest.xml:28:17-76
45-->src\main\AndroidManifest.xml:28:27-73
46                <category android:name="android.intent.category.BROWSABLE" />
46-->src\main\AndroidManifest.xml:29:17-78
46-->src\main\AndroidManifest.xml:29:27-75
47
48                <data android:mimeType="application/pdf" />
48-->src\main\AndroidManifest.xml:31:17-60
48-->src\main\AndroidManifest.xml:31:23-57
49            </intent-filter>
50        </activity>
51
52        <service
52-->[com.google.firebase:firebase-auth-ktx:23.0.0] AndroidManifest.xml:8:9-14:19
53            android:name="com.google.firebase.components.ComponentDiscoveryService"
53-->[com.google.firebase:firebase-auth-ktx:23.0.0] AndroidManifest.xml:9:13-84
54            android:directBootAware="true"
54-->[com.google.firebase:firebase-common:21.0.0] AndroidManifest.xml:32:13-43
55            android:exported="false" >
55-->[com.google.firebase:firebase-auth-ktx:23.0.0] AndroidManifest.xml:10:13-37
56            <meta-data
56-->[com.google.firebase:firebase-auth-ktx:23.0.0] AndroidManifest.xml:11:13-13:85
57                android:name="com.google.firebase.components:com.google.firebase.auth.ktx.FirebaseAuthLegacyRegistrar"
57-->[com.google.firebase:firebase-auth-ktx:23.0.0] AndroidManifest.xml:12:17-119
58                android:value="com.google.firebase.components.ComponentRegistrar" />
58-->[com.google.firebase:firebase-auth-ktx:23.0.0] AndroidManifest.xml:13:17-82
59            <meta-data
59-->[com.google.firebase:firebase-auth:23.0.0] AndroidManifest.xml:69:13-71:85
60                android:name="com.google.firebase.components:com.google.firebase.auth.FirebaseAuthRegistrar"
60-->[com.google.firebase:firebase-auth:23.0.0] AndroidManifest.xml:70:17-109
61                android:value="com.google.firebase.components.ComponentRegistrar" />
61-->[com.google.firebase:firebase-auth:23.0.0] AndroidManifest.xml:71:17-82
62            <meta-data
62-->[com.google.firebase:firebase-firestore-ktx:25.1.0] AndroidManifest.xml:12:13-14:85
63                android:name="com.google.firebase.components:com.google.firebase.firestore.ktx.FirebaseFirestoreLegacyRegistrar"
63-->[com.google.firebase:firebase-firestore-ktx:25.1.0] AndroidManifest.xml:13:17-129
64                android:value="com.google.firebase.components.ComponentRegistrar" />
64-->[com.google.firebase:firebase-firestore-ktx:25.1.0] AndroidManifest.xml:14:17-82
65            <meta-data
65-->[com.google.firebase:firebase-firestore:25.1.0] AndroidManifest.xml:17:13-19:85
66                android:name="com.google.firebase.components:com.google.firebase.firestore.FirebaseFirestoreKtxRegistrar"
66-->[com.google.firebase:firebase-firestore:25.1.0] AndroidManifest.xml:18:17-122
67                android:value="com.google.firebase.components.ComponentRegistrar" />
67-->[com.google.firebase:firebase-firestore:25.1.0] AndroidManifest.xml:19:17-82
68            <meta-data
68-->[com.google.firebase:firebase-firestore:25.1.0] AndroidManifest.xml:20:13-22:85
69                android:name="com.google.firebase.components:com.google.firebase.firestore.FirestoreRegistrar"
69-->[com.google.firebase:firebase-firestore:25.1.0] AndroidManifest.xml:21:17-111
70                android:value="com.google.firebase.components.ComponentRegistrar" />
70-->[com.google.firebase:firebase-firestore:25.1.0] AndroidManifest.xml:22:17-82
71            <meta-data
71-->[com.google.firebase:firebase-common-ktx:21.0.0] AndroidManifest.xml:12:13-14:85
72                android:name="com.google.firebase.components:com.google.firebase.ktx.FirebaseCommonLegacyRegistrar"
72-->[com.google.firebase:firebase-common-ktx:21.0.0] AndroidManifest.xml:13:17-116
73                android:value="com.google.firebase.components.ComponentRegistrar" />
73-->[com.google.firebase:firebase-common-ktx:21.0.0] AndroidManifest.xml:14:17-82
74            <meta-data
74-->[com.google.firebase:firebase-common:21.0.0] AndroidManifest.xml:35:13-37:85
75                android:name="com.google.firebase.components:com.google.firebase.FirebaseCommonKtxRegistrar"
75-->[com.google.firebase:firebase-common:21.0.0] AndroidManifest.xml:36:17-109
76                android:value="com.google.firebase.components.ComponentRegistrar" />
76-->[com.google.firebase:firebase-common:21.0.0] AndroidManifest.xml:37:17-82
77        </service>
78
79        <activity
79-->[com.google.firebase:firebase-auth:23.0.0] AndroidManifest.xml:29:9-46:20
80            android:name="com.google.firebase.auth.internal.GenericIdpActivity"
80-->[com.google.firebase:firebase-auth:23.0.0] AndroidManifest.xml:30:13-80
81            android:excludeFromRecents="true"
81-->[com.google.firebase:firebase-auth:23.0.0] AndroidManifest.xml:31:13-46
82            android:exported="true"
82-->[com.google.firebase:firebase-auth:23.0.0] AndroidManifest.xml:32:13-36
83            android:launchMode="singleTask"
83-->[com.google.firebase:firebase-auth:23.0.0] AndroidManifest.xml:33:13-44
84            android:theme="@android:style/Theme.Translucent.NoTitleBar" >
84-->[com.google.firebase:firebase-auth:23.0.0] AndroidManifest.xml:34:13-72
85            <intent-filter>
85-->[com.google.firebase:firebase-auth:23.0.0] AndroidManifest.xml:35:13-45:29
86                <action android:name="android.intent.action.VIEW" />
86-->src\main\AndroidManifest.xml:26:17-69
86-->src\main\AndroidManifest.xml:26:25-66
87
88                <category android:name="android.intent.category.DEFAULT" />
88-->src\main\AndroidManifest.xml:28:17-76
88-->src\main\AndroidManifest.xml:28:27-73
89                <category android:name="android.intent.category.BROWSABLE" />
89-->src\main\AndroidManifest.xml:29:17-78
89-->src\main\AndroidManifest.xml:29:27-75
90
91                <data
91-->src\main\AndroidManifest.xml:31:17-60
92                    android:host="firebase.auth"
93                    android:path="/"
94                    android:scheme="genericidp" />
95            </intent-filter>
96        </activity>
97        <activity
97-->[com.google.firebase:firebase-auth:23.0.0] AndroidManifest.xml:47:9-64:20
98            android:name="com.google.firebase.auth.internal.RecaptchaActivity"
98-->[com.google.firebase:firebase-auth:23.0.0] AndroidManifest.xml:48:13-79
99            android:excludeFromRecents="true"
99-->[com.google.firebase:firebase-auth:23.0.0] AndroidManifest.xml:49:13-46
100            android:exported="true"
100-->[com.google.firebase:firebase-auth:23.0.0] AndroidManifest.xml:50:13-36
101            android:launchMode="singleTask"
101-->[com.google.firebase:firebase-auth:23.0.0] AndroidManifest.xml:51:13-44
102            android:theme="@android:style/Theme.Translucent.NoTitleBar" >
102-->[com.google.firebase:firebase-auth:23.0.0] AndroidManifest.xml:52:13-72
103            <intent-filter>
103-->[com.google.firebase:firebase-auth:23.0.0] AndroidManifest.xml:53:13-63:29
104                <action android:name="android.intent.action.VIEW" />
104-->src\main\AndroidManifest.xml:26:17-69
104-->src\main\AndroidManifest.xml:26:25-66
105
106                <category android:name="android.intent.category.DEFAULT" />
106-->src\main\AndroidManifest.xml:28:17-76
106-->src\main\AndroidManifest.xml:28:27-73
107                <category android:name="android.intent.category.BROWSABLE" />
107-->src\main\AndroidManifest.xml:29:17-78
107-->src\main\AndroidManifest.xml:29:27-75
108
109                <data
109-->src\main\AndroidManifest.xml:31:17-60
110                    android:host="firebase.auth"
111                    android:path="/"
112                    android:scheme="recaptcha" />
113            </intent-filter>
114        </activity>
115
116        <service
116-->[androidx.credentials:credentials-play-services-auth:1.2.0-rc01] AndroidManifest.xml:24:9-32:19
117            android:name="androidx.credentials.playservices.CredentialProviderMetadataHolder"
117-->[androidx.credentials:credentials-play-services-auth:1.2.0-rc01] AndroidManifest.xml:25:13-94
118            android:enabled="true"
118-->[androidx.credentials:credentials-play-services-auth:1.2.0-rc01] AndroidManifest.xml:26:13-35
119            android:exported="false" >
119-->[androidx.credentials:credentials-play-services-auth:1.2.0-rc01] AndroidManifest.xml:27:13-37
120            <meta-data
120-->[androidx.credentials:credentials-play-services-auth:1.2.0-rc01] AndroidManifest.xml:29:13-31:104
121                android:name="androidx.credentials.CREDENTIAL_PROVIDER_KEY"
121-->[androidx.credentials:credentials-play-services-auth:1.2.0-rc01] AndroidManifest.xml:30:17-76
122                android:value="androidx.credentials.playservices.CredentialProviderPlayServicesImpl" />
122-->[androidx.credentials:credentials-play-services-auth:1.2.0-rc01] AndroidManifest.xml:31:17-101
123        </service>
124
125        <activity
125-->[androidx.credentials:credentials-play-services-auth:1.2.0-rc01] AndroidManifest.xml:34:9-41:20
126            android:name="androidx.credentials.playservices.HiddenActivity"
126-->[androidx.credentials:credentials-play-services-auth:1.2.0-rc01] AndroidManifest.xml:35:13-76
127            android:configChanges="orientation|screenSize|screenLayout|keyboardHidden"
127-->[androidx.credentials:credentials-play-services-auth:1.2.0-rc01] AndroidManifest.xml:36:13-87
128            android:enabled="true"
128-->[androidx.credentials:credentials-play-services-auth:1.2.0-rc01] AndroidManifest.xml:37:13-35
129            android:exported="false"
129-->[androidx.credentials:credentials-play-services-auth:1.2.0-rc01] AndroidManifest.xml:38:13-37
130            android:fitsSystemWindows="true"
130-->[androidx.credentials:credentials-play-services-auth:1.2.0-rc01] AndroidManifest.xml:39:13-45
131            android:theme="@style/Theme.Hidden" >
131-->[androidx.credentials:credentials-play-services-auth:1.2.0-rc01] AndroidManifest.xml:40:13-48
132        </activity>
133        <activity
133-->[com.google.android.gms:play-services-auth:21.0.0] AndroidManifest.xml:23:9-27:75
134            android:name="com.google.android.gms.auth.api.signin.internal.SignInHubActivity"
134-->[com.google.android.gms:play-services-auth:21.0.0] AndroidManifest.xml:24:13-93
135            android:excludeFromRecents="true"
135-->[com.google.android.gms:play-services-auth:21.0.0] AndroidManifest.xml:25:13-46
136            android:exported="false"
136-->[com.google.android.gms:play-services-auth:21.0.0] AndroidManifest.xml:26:13-37
137            android:theme="@android:style/Theme.Translucent.NoTitleBar" />
137-->[com.google.android.gms:play-services-auth:21.0.0] AndroidManifest.xml:27:13-72
138        <!--
139            Service handling Google Sign-In user revocation. For apps that do not integrate with
140            Google Sign-In, this service will never be started.
141        -->
142        <service
142-->[com.google.android.gms:play-services-auth:21.0.0] AndroidManifest.xml:33:9-37:51
143            android:name="com.google.android.gms.auth.api.signin.RevocationBoundService"
143-->[com.google.android.gms:play-services-auth:21.0.0] AndroidManifest.xml:34:13-89
144            android:exported="true"
144-->[com.google.android.gms:play-services-auth:21.0.0] AndroidManifest.xml:35:13-36
145            android:permission="com.google.android.gms.auth.api.signin.permission.REVOCATION_NOTIFICATION"
145-->[com.google.android.gms:play-services-auth:21.0.0] AndroidManifest.xml:36:13-107
146            android:visibleToInstantApps="true" />
146-->[com.google.android.gms:play-services-auth:21.0.0] AndroidManifest.xml:37:13-48
147
148        <activity
148-->[com.google.android.gms:play-services-base:18.0.1] AndroidManifest.xml:20:9-22:45
149            android:name="com.google.android.gms.common.api.GoogleApiActivity"
149-->[com.google.android.gms:play-services-base:18.0.1] AndroidManifest.xml:20:19-85
150            android:exported="false"
150-->[com.google.android.gms:play-services-base:18.0.1] AndroidManifest.xml:22:19-43
151            android:theme="@android:style/Theme.Translucent.NoTitleBar" />
151-->[com.google.android.gms:play-services-base:18.0.1] AndroidManifest.xml:21:19-78
152
153        <provider
153-->[com.google.firebase:firebase-common:21.0.0] AndroidManifest.xml:23:9-28:39
154            android:name="com.google.firebase.provider.FirebaseInitProvider"
154-->[com.google.firebase:firebase-common:21.0.0] AndroidManifest.xml:24:13-77
155            android:authorities="com.design.readerapp.firebaseinitprovider"
155-->[com.google.firebase:firebase-common:21.0.0] AndroidManifest.xml:25:13-72
156            android:directBootAware="true"
156-->[com.google.firebase:firebase-common:21.0.0] AndroidManifest.xml:26:13-43
157            android:exported="false"
157-->[com.google.firebase:firebase-common:21.0.0] AndroidManifest.xml:27:13-37
158            android:initOrder="100" />
158-->[com.google.firebase:firebase-common:21.0.0] AndroidManifest.xml:28:13-36
159        <provider
159-->[androidx.emoji2:emoji2:1.4.0] AndroidManifest.xml:24:9-32:20
160            android:name="androidx.startup.InitializationProvider"
160-->[androidx.emoji2:emoji2:1.4.0] AndroidManifest.xml:25:13-67
161            android:authorities="com.design.readerapp.androidx-startup"
161-->[androidx.emoji2:emoji2:1.4.0] AndroidManifest.xml:26:13-68
162            android:exported="false" >
162-->[androidx.emoji2:emoji2:1.4.0] AndroidManifest.xml:27:13-37
163            <meta-data
163-->[androidx.emoji2:emoji2:1.4.0] AndroidManifest.xml:29:13-31:52
164                android:name="androidx.emoji2.text.EmojiCompatInitializer"
164-->[androidx.emoji2:emoji2:1.4.0] AndroidManifest.xml:30:17-75
165                android:value="androidx.startup" />
165-->[androidx.emoji2:emoji2:1.4.0] AndroidManifest.xml:31:17-49
166            <meta-data
166-->[androidx.lifecycle:lifecycle-process:2.9.4] AndroidManifest.xml:29:13-31:52
167                android:name="androidx.lifecycle.ProcessLifecycleInitializer"
167-->[androidx.lifecycle:lifecycle-process:2.9.4] AndroidManifest.xml:30:17-78
168                android:value="androidx.startup" />
168-->[androidx.lifecycle:lifecycle-process:2.9.4] AndroidManifest.xml:31:17-49
169            <meta-data
169-->[androidx.profileinstaller:profileinstaller:1.4.0] AndroidManifest.xml:29:13-31:52
170                android:name="androidx.profileinstaller.ProfileInstallerInitializer"
170-->[androidx.profileinstaller:profileinstaller:1.4.0] AndroidManifest.xml:30:17-85
171                android:value="androidx.startup" />
171-->[androidx.profileinstaller:profileinstaller:1.4.0] AndroidManifest.xml:31:17-49
172        </provider>
173
174        <uses-library
174-->[androidx.window:window:1.5.0] AndroidManifest.xml:23:9-25:40
175            android:name="androidx.window.extensions"
175-->[androidx.window:window:1.5.0] AndroidManifest.xml:24:13-54
176            android:required="false" />
176-->[androidx.window:window:1.5.0] AndroidManifest.xml:25:13-37
177        <uses-library
177-->[androidx.window:window:1.5.0] AndroidManifest.xml:26:9-28:40
178            android:name="androidx.window.sidecar"
178-->[androidx.window:window:1.5.0] AndroidManifest.xml:27:13-51
179            android:required="false" />
179-->[androidx.window:window:1.5.0] AndroidManifest.xml:28:13-37
180
181        <meta-data
181-->[com.google.android.gms:play-services-basement:18.3.0] AndroidManifest.xml:21:9-23:69
182            android:name="com.google.android.gms.version"
182-->[com.google.android.gms:play-services-basement:18.3.0] AndroidManifest.xml:22:13-58
183            android:value="@integer/google_play_services_version" />
183-->[com.google.android.gms:play-services-basement:18.3.0] AndroidManifest.xml:23:13-66
184
185        <receiver
185-->[androidx.profileinstaller:profileinstaller:1.4.0] AndroidManifest.xml:34:9-52:20
186            android:name="androidx.profileinstaller.ProfileInstallReceiver"
186-->[androidx.profileinstaller:profileinstaller:1.4.0] AndroidManifest.xml:35:13-76
187            android:directBootAware="false"
187-->[androidx.profileinstaller:profileinstaller:1.4.0] AndroidManifest.xml:36:13-44
188            android:enabled="true"
188-->[androidx.profileinstaller:profileinstaller:1.4.0] AndroidManifest.xml:37:13-35
189            android:exported="true"
189-->[androidx.profileinstaller:profileinstaller:1.4.0] AndroidManifest.xml:38:13-36
190            android:permission="android.permission.DUMP" >
190-->[androidx.profileinstaller:profileinstaller:1.4.0] AndroidManifest.xml:39:13-57
191            <intent-filter>
191-->[androidx.profileinstaller:profileinstaller:1.4.0] AndroidManifest.xml:40:13-42:29
192                <action android:name="androidx.profileinstaller.action.INSTALL_PROFILE" />
192-->[androidx.profileinstaller:profileinstaller:1.4.0] AndroidManifest.xml:41:17-91
192-->[androidx.profileinstaller:profileinstaller:1.4.0] AndroidManifest.xml:41:25-88
193            </intent-filter>
194            <intent-filter>
194-->[androidx.profileinstaller:profileinstaller:1.4.0] AndroidManifest.xml:43:13-45:29
195                <action android:name="androidx.profileinstaller.action.SKIP_FILE" />
195-->[androidx.profileinstaller:profileinstaller:1.4.0] AndroidManifest.xml:44:17-85
195-->[androidx.profileinstaller:profileinstaller:1.4.0] AndroidManifest.xml:44:25-82
196            </intent-filter>
197            <intent-filter>
197-->[androidx.profileinstaller:profileinstaller:1.4.0] AndroidManifest.xml:46:13-48:29
198                <action android:name="androidx.profileinstaller.action.SAVE_PROFILE" />
198-->[androidx.profileinstaller:profileinstaller:1.4.0] AndroidManifest.xml:47:17-88
198-->[androidx.profileinstaller:profileinstaller:1.4.0] AndroidManifest.xml:47:25-85
199            </intent-filter>
200            <intent-filter>
200-->[androidx.profileinstaller:profileinstaller:1.4.0] AndroidManifest.xml:49:13-51:29
201                <action android:name="androidx.profileinstaller.action.BENCHMARK_OPERATION" />
201-->[androidx.profileinstaller:profileinstaller:1.4.0] AndroidManifest.xml:50:17-95
201-->[androidx.profileinstaller:profileinstaller:1.4.0] AndroidManifest.xml:50:25-92
202            </intent-filter>
203        </receiver>
204    </application>
205
206</manifest>